<?xml version="1.0" encoding="UTF-8"?>
<testng-results ignored="0" total="1" passed="1" failed="0" skipped="0">
  <reporter-output>
    <line>
      <![CDATA[Browser launched]]>
    </line>
    <line>
      <![CDATA[URL is entered]]>
    </line>
  </reporter-output>
  <suite started-at="2024-04-08T10:59:09 IST" name="Default suite" finished-at="2024-04-08T10:59:27 IST" duration-ms="17901">
    <groups>
    </groups>
    <test started-at="2024-04-08T10:59:09 IST" name="Default test" finished-at="2024-04-08T10:59:27 IST" duration-ms="17901">
      <class name="shushmitha.TC_02_RemoveFromCart_Test">
        <test-method is-config="true" signature="beforeclass()[pri:0, instance:shushmitha.TC_02_RemoveFromCart_Test@68c9133c]" started-at="2024-04-08T10:59:09 IST" name="beforeclass" finished-at="2024-04-08T10:59:20 IST" duration-ms="10564" status="PASS">
          <reporter-output>
            <line>
              <![CDATA[Browser launched]]>
            </line>
            <line>
              <![CDATA[URL is entered]]>
            </line>
          </reporter-output>
        </test-method> <!-- beforeclass -->
        <test-method signature="TC_02_Test()[pri:0, instance:shushmitha.TC_02_RemoveFromCart_Test@68c9133c]" started-at="2024-04-08T10:59:20 IST" name="TC_02_Test" finished-at="2024-04-08T10:59:26 IST" duration-ms="5958" status="PASS">
          <reporter-output>
          </reporter-output>
        </test-method> <!-- TC_02_Test -->
        <test-method is-config="true" signature="afterclass()[pri:0, instance:shushmitha.TC_02_RemoveFromCart_Test@68c9133c]" started-at="2024-04-08T10:59:26 IST" name="afterclass" finished-at="2024-04-08T10:59:27 IST" duration-ms="1190" status="PASS">
          <reporter-output>
          </reporter-output>
        </test-method> <!-- afterclass -->
      </class> <!-- shushmitha.TC_02_RemoveFromCart_Test -->
    </test> <!-- Default test -->
  </suite> <!-- Default suite -->
</testng-results>
