<?xml version="1.0" encoding="UTF-8"?>
<testng-results ignored="0" total="1" passed="1" failed="0" skipped="0">
  <reporter-output>
    <line>
      <![CDATA[Browser launched]]>
    </line>
    <line>
      <![CDATA[URL is entered]]>
    </line>
  </reporter-output>
  <suite started-at="2024-04-05T14:39:28 IST" name="Default suite" finished-at="2024-04-05T14:39:47 IST" duration-ms="19063">
    <groups>
    </groups>
    <test started-at="2024-04-05T14:39:28 IST" name="Default test" finished-at="2024-04-05T14:39:47 IST" duration-ms="19063">
      <class name="kirthiga.EmailAFriend">
        <test-method is-config="true" signature="beforeclass()[pri:0, instance:kirthiga.EmailAFriend@7c711375]" started-at="2024-04-05T14:39:28 IST" name="beforeclass" finished-at="2024-04-05T14:39:41 IST" duration-ms="12774" status="PASS">
          <reporter-output>
            <line>
              <![CDATA[Browser launched]]>
            </line>
            <line>
              <![CDATA[URL is entered]]>
            </line>
          </reporter-output>
        </test-method> <!-- beforeclass -->
        <test-method signature="Emailing()[pri:0, instance:kirthiga.EmailAFriend@7c711375]" started-at="2024-04-05T14:39:41 IST" name="Emailing" finished-at="2024-04-05T14:39:47 IST" duration-ms="5947" status="PASS">
          <reporter-output>
          </reporter-output>
        </test-method> <!-- Emailing -->
        <test-method is-config="true" signature="afterclass()[pri:0, instance:kirthiga.EmailAFriend@7c711375]" started-at="2024-04-05T14:39:47 IST" name="afterclass" finished-at="2024-04-05T14:39:47 IST" duration-ms="285" status="PASS">
          <reporter-output>
          </reporter-output>
        </test-method> <!-- afterclass -->
      </class> <!-- kirthiga.EmailAFriend -->
    </test> <!-- Default test -->
  </suite> <!-- Default suite -->
</testng-results>
